{"C:\\Users\\Sergio\\Documents\\1\\frontend\\js\\app.js": {"path":"C:\\Users\\Sergio\\Documents\\1\\frontend\\js\\app.js","statementMap":{"0":{"start":{"line":15,"column":18},"end":{"line":15,"column":55}},"1":{"start":{"line":16,"column":21},"end":{"line":16,"column":61}},"2":{"start":{"line":17,"column":17},"end":{"line":17,"column":53}},"3":{"start":{"line":18,"column":20},"end":{"line":18,"column":59}},"4":{"start":{"line":19,"column":21},"end":{"line":19,"column":61}},"5":{"start":{"line":20,"column":24},"end":{"line":20,"column":67}},"6":{"start":{"line":21,"column":18},"end":{"line":21,"column":54}},"7":{"start":{"line":22,"column":24},"end":{"line":22,"column":60}},"8":{"start":{"line":23,"column":20},"end":{"line":23,"column":59}},"9":{"start":{"line":24,"column":21},"end":{"line":24,"column":61}},"10":{"start":{"line":25,"column":24},"end":{"line":25,"column":68}},"11":{"start":{"line":30,"column":2},"end":{"line":30,"column":32}},"12":{"start":{"line":31,"column":2},"end":{"line":31,"column":56}},"13":{"start":{"line":35,"column":2},"end":{"line":35,"column":49}},"14":{"start":{"line":36,"column":2},"end":{"line":36,"column":53}},"15":{"start":{"line":37,"column":2},"end":{"line":37,"column":50}},"16":{"start":{"line":38,"column":2},"end":{"line":38,"column":54}},"17":{"start":{"line":39,"column":2},"end":{"line":39,"column":32}},"18":{"start":{"line":40,"column":2},"end":{"line":40,"column":35}},"19":{"start":{"line":44,"column":2},"end":{"line":44,"column":64}},"20":{"start":{"line":45,"column":2},"end":{"line":45,"column":39}},"21":{"start":{"line":46,"column":2},"end":{"line":46,"column":42}},"22":{"start":{"line":47,"column":2},"end":{"line":47,"column":73}},"23":{"start":{"line":51,"column":2},"end":{"line":51,"column":67}},"24":{"start":{"line":52,"column":2},"end":{"line":52,"column":36}},"25":{"start":{"line":57,"column":0},"end":{"line":104,"column":3}},"26":{"start":{"line":58,"column":2},"end":{"line":58,"column":25}},"27":{"start":{"line":60,"column":15},"end":{"line":60,"column":68}},"28":{"start":{"line":61,"column":16},"end":{"line":61,"column":84}},"29":{"start":{"line":62,"column":17},"end":{"line":62,"column":72}},"30":{"start":{"line":63,"column":19},"end":{"line":63,"column":76}},"31":{"start":{"line":64,"column":19},"end":{"line":64,"column":69}},"32":{"start":{"line":65,"column":26},"end":{"line":65,"column":84}},"33":{"start":{"line":67,"column":2},"end":{"line":70,"column":3}},"34":{"start":{"line":68,"column":4},"end":{"line":68,"column":71}},"35":{"start":{"line":69,"column":4},"end":{"line":69,"column":11}},"36":{"start":{"line":71,"column":2},"end":{"line":74,"column":3}},"37":{"start":{"line":72,"column":4},"end":{"line":72,"column":84}},"38":{"start":{"line":73,"column":4},"end":{"line":73,"column":11}},"39":{"start":{"line":75,"column":2},"end":{"line":78,"column":3}},"40":{"start":{"line":76,"column":4},"end":{"line":76,"column":66}},"41":{"start":{"line":77,"column":4},"end":{"line":77,"column":11}},"42":{"start":{"line":80,"column":2},"end":{"line":103,"column":3}},"43":{"start":{"line":82,"column":27},"end":{"line":82,"column":86}},"44":{"start":{"line":83,"column":16},"end":{"line":83,"column":39}},"45":{"start":{"line":86,"column":4},"end":{"line":91,"column":7}},"46":{"start":{"line":93,"column":4},"end":{"line":93,"column":73}},"47":{"start":{"line":94,"column":4},"end":{"line":94,"column":46}},"48":{"start":{"line":97,"column":21},"end":{"line":101,"column":5}},"49":{"start":{"line":102,"column":4},"end":{"line":102,"column":98}},"50":{"start":{"line":108,"column":0},"end":{"line":139,"column":3}},"51":{"start":{"line":109,"column":2},"end":{"line":109,"column":25}},"52":{"start":{"line":111,"column":16},"end":{"line":111,"column":81}},"53":{"start":{"line":112,"column":19},"end":{"line":112,"column":66}},"54":{"start":{"line":114,"column":2},"end":{"line":117,"column":3}},"55":{"start":{"line":115,"column":4},"end":{"line":115,"column":72}},"56":{"start":{"line":116,"column":4},"end":{"line":116,"column":11}},"57":{"start":{"line":119,"column":2},"end":{"line":138,"column":3}},"58":{"start":{"line":121,"column":27},"end":{"line":121,"column":82}},"59":{"start":{"line":122,"column":16},"end":{"line":122,"column":39}},"60":{"start":{"line":125,"column":20},"end":{"line":125,"column":58}},"61":{"start":{"line":126,"column":21},"end":{"line":126,"column":35}},"62":{"start":{"line":128,"column":4},"end":{"line":128,"column":57}},"63":{"start":{"line":129,"column":4},"end":{"line":129,"column":28}},"64":{"start":{"line":132,"column":21},"end":{"line":136,"column":5}},"65":{"start":{"line":137,"column":4},"end":{"line":137,"column":100}},"66":{"start":{"line":143,"column":0},"end":{"line":147,"column":3}},"67":{"start":{"line":144,"column":2},"end":{"line":144,"column":22}},"68":{"start":{"line":145,"column":2},"end":{"line":145,"column":18}},"69":{"start":{"line":146,"column":2},"end":{"line":146,"column":23}},"70":{"start":{"line":149,"column":0},"end":{"line":151,"column":3}},"71":{"start":{"line":150,"column":2},"end":{"line":150,"column":40}},"72":{"start":{"line":155,"column":0},"end":{"line":155,"column":63}},"73":{"start":{"line":155,"column":41},"end":{"line":155,"column":61}},"74":{"start":{"line":156,"column":0},"end":{"line":156,"column":67}},"75":{"start":{"line":156,"column":44},"end":{"line":156,"column":65}},"76":{"start":{"line":160,"column":0},"end":{"line":169,"column":3}},"77":{"start":{"line":161,"column":2},"end":{"line":168,"column":3}},"78":{"start":{"line":162,"column":20},"end":{"line":162,"column":71}},"79":{"start":{"line":163,"column":4},"end":{"line":165,"column":5}},"80":{"start":{"line":164,"column":6},"end":{"line":164,"column":36}},"81":{"start":{"line":167,"column":4},"end":{"line":167,"column":20}}},"fnMap":{"0":{"name":"showMessage","decl":{"start":{"line":29,"column":9},"end":{"line":29,"column":20}},"loc":{"start":{"line":29,"column":55},"end":{"line":32,"column":1}},"line":29},"1":{"name":"toggleAuthView","decl":{"start":{"line":34,"column":9},"end":{"line":34,"column":23}},"loc":{"start":{"line":34,"column":35},"end":{"line":41,"column":1}},"line":34},"2":{"name":"showDashboard","decl":{"start":{"line":43,"column":9},"end":{"line":43,"column":22}},"loc":{"start":{"line":43,"column":29},"end":{"line":48,"column":1}},"line":43},"3":{"name":"showAuthPanel","decl":{"start":{"line":50,"column":9},"end":{"line":50,"column":22}},"loc":{"start":{"line":50,"column":25},"end":{"line":53,"column":1}},"line":50},"4":{"name":"(anonymous_4)","decl":{"start":{"line":57,"column":40},"end":{"line":57,"column":41}},"loc":{"start":{"line":57,"column":57},"end":{"line":104,"column":1}},"line":57},"5":{"name":"(anonymous_5)","decl":{"start":{"line":108,"column":37},"end":{"line":108,"column":38}},"loc":{"start":{"line":108,"column":54},"end":{"line":139,"column":1}},"line":108},"6":{"name":"(anonymous_6)","decl":{"start":{"line":143,"column":39},"end":{"line":143,"column":40}},"loc":{"start":{"line":143,"column":51},"end":{"line":147,"column":1}},"line":143},"7":{"name":"(anonymous_7)","decl":{"start":{"line":149,"column":42},"end":{"line":149,"column":43}},"loc":{"start":{"line":149,"column":48},"end":{"line":151,"column":1}},"line":149},"8":{"name":"(anonymous_8)","decl":{"start":{"line":155,"column":35},"end":{"line":155,"column":36}},"loc":{"start":{"line":155,"column":41},"end":{"line":155,"column":61}},"line":155},"9":{"name":"(anonymous_9)","decl":{"start":{"line":156,"column":38},"end":{"line":156,"column":39}},"loc":{"start":{"line":156,"column":44},"end":{"line":156,"column":65}},"line":156},"10":{"name":"(anonymous_10)","decl":{"start":{"line":160,"column":25},"end":{"line":160,"column":26}},"loc":{"start":{"line":160,"column":49},"end":{"line":169,"column":1}},"line":160}},"branchMap":{"0":{"loc":{"start":{"line":29,"column":39},"end":{"line":29,"column":53}},"type":"default-arg","locations":[{"start":{"line":29,"column":49},"end":{"line":29,"column":53}}],"line":29},"1":{"loc":{"start":{"line":31,"column":24},"end":{"line":31,"column":55}},"type":"cond-expr","locations":[{"start":{"line":31,"column":34},"end":{"line":31,"column":43}},{"start":{"line":31,"column":46},"end":{"line":31,"column":55}}],"line":31},"2":{"loc":{"start":{"line":67,"column":2},"end":{"line":70,"column":3}},"type":"if","locations":[{"start":{"line":67,"column":2},"end":{"line":70,"column":3}},{"start":{},"end":{}}],"line":67},"3":{"loc":{"start":{"line":67,"column":6},"end":{"line":67,"column":78}},"type":"binary-expr","locations":[{"start":{"line":67,"column":6},"end":{"line":67,"column":11}},{"start":{"line":67,"column":15},"end":{"line":67,"column":21}},{"start":{"line":67,"column":25},"end":{"line":67,"column":32}},{"start":{"line":67,"column":36},"end":{"line":67,"column":45}},{"start":{"line":67,"column":49},"end":{"line":67,"column":58}},{"start":{"line":67,"column":62},"end":{"line":67,"column":78}}],"line":67},"4":{"loc":{"start":{"line":71,"column":2},"end":{"line":74,"column":3}},"type":"if","locations":[{"start":{"line":71,"column":2},"end":{"line":74,"column":3}},{"start":{},"end":{}}],"line":71},"5":{"loc":{"start":{"line":75,"column":2},"end":{"line":78,"column":3}},"type":"if","locations":[{"start":{"line":75,"column":2},"end":{"line":78,"column":3}},{"start":{},"end":{}}],"line":75},"6":{"loc":{"start":{"line":102,"column":33},"end":{"line":102,"column":96}},"type":"binary-expr","locations":[{"start":{"line":102,"column":33},"end":{"line":102,"column":53}},{"start":{"line":102,"column":57},"end":{"line":102,"column":96}}],"line":102},"7":{"loc":{"start":{"line":114,"column":2},"end":{"line":117,"column":3}},"type":"if","locations":[{"start":{"line":114,"column":2},"end":{"line":117,"column":3}},{"start":{},"end":{}}],"line":114},"8":{"loc":{"start":{"line":114,"column":6},"end":{"line":114,"column":25}},"type":"binary-expr","locations":[{"start":{"line":114,"column":6},"end":{"line":114,"column":12}},{"start":{"line":114,"column":16},"end":{"line":114,"column":25}}],"line":114},"9":{"loc":{"start":{"line":137,"column":30},"end":{"line":137,"column":98}},"type":"binary-expr","locations":[{"start":{"line":137,"column":30},"end":{"line":137,"column":50}},{"start":{"line":137,"column":54},"end":{"line":137,"column":98}}],"line":137},"10":{"loc":{"start":{"line":161,"column":2},"end":{"line":168,"column":3}},"type":"if","locations":[{"start":{"line":161,"column":2},"end":{"line":168,"column":3}},{"start":{"line":166,"column":9},"end":{"line":168,"column":3}}],"line":161},"11":{"loc":{"start":{"line":163,"column":4},"end":{"line":165,"column":5}},"type":"if","locations":[{"start":{"line":163,"column":4},"end":{"line":165,"column":5}},{"start":{},"end":{}}],"line":163}},"s":{"0":0,"1":0,"2":0,"3":0,"4":0,"5":0,"6":0,"7":0,"8":0,"9":0,"10":0,"11":0,"12":0,"13":0,"14":0,"15":0,"16":0,"17":0,"18":0,"19":0,"20":0,"21":0,"22":0,"23":0,"24":0,"25":0,"26":0,"27":0,"28":0,"29":0,"30":0,"31":0,"32":0,"33":0,"34":0,"35":0,"36":0,"37":0,"38":0,"39":0,"40":0,"41":0,"42":0,"43":0,"44":0,"45":0,"46":0,"47":0,"48":0,"49":0,"50":0,"51":0,"52":0,"53":0,"54":0,"55":0,"56":0,"57":0,"58":0,"59":0,"60":0,"61":0,"62":0,"63":0,"64":0,"65":0,"66":0,"67":0,"68":0,"69":0,"70":0,"71":0,"72":0,"73":0,"74":0,"75":0,"76":0,"77":0,"78":0,"79":0,"80":0,"81":0},"f":{"0":0,"1":0,"2":0,"3":0,"4":0,"5":0,"6":0,"7":0,"8":0,"9":0,"10":0},"b":{"0":[0],"1":[0,0],"2":[0,0],"3":[0,0,0,0,0,0],"4":[0,0],"5":[0,0],"6":[0,0],"7":[0,0],"8":[0,0],"9":[0,0],"10":[0,0],"11":[0,0]},"inputSourceMap":null}
,"C:\\Users\\Sergio\\Documents\\1\\frontend\\js\\welcome.js": {"path":"C:\\Users\\Sergio\\Documents\\1\\frontend\\js\\welcome.js","statementMap":{"0":{"start":{"line":11,"column":20},"end":{"line":11,"column":61}},"1":{"start":{"line":12,"column":24},"end":{"line":12,"column":69}},"2":{"start":{"line":13,"column":21},"end":{"line":13,"column":61}},"3":{"start":{"line":14,"column":22},"end":{"line":14,"column":63}},"4":{"start":{"line":15,"column":24},"end":{"line":15,"column":68}},"5":{"start":{"line":18,"column":21},"end":{"line":18,"column":61}},"6":{"start":{"line":19,"column":21},"end":{"line":19,"column":61}},"7":{"start":{"line":20,"column":21},"end":{"line":20,"column":61}},"8":{"start":{"line":21,"column":22},"end":{"line":21,"column":60}},"9":{"start":{"line":22,"column":22},"end":{"line":22,"column":60}},"10":{"start":{"line":23,"column":22},"end":{"line":23,"column":60}},"11":{"start":{"line":24,"column":24},"end":{"line":24,"column":67}},"12":{"start":{"line":27,"column":19},"end":{"line":27,"column":59}},"13":{"start":{"line":28,"column":19},"end":{"line":28,"column":59}},"14":{"start":{"line":29,"column":20},"end":{"line":29,"column":59}},"15":{"start":{"line":30,"column":20},"end":{"line":30,"column":59}},"16":{"start":{"line":31,"column":22},"end":{"line":31,"column":63}},"17":{"start":{"line":32,"column":24},"end":{"line":32,"column":64}},"18":{"start":{"line":33,"column":24},"end":{"line":33,"column":67}},"19":{"start":{"line":37,"column":18},"end":{"line":37,"column":22}},"20":{"start":{"line":38,"column":22},"end":{"line":38,"column":24}},"21":{"start":{"line":40,"column":20},"end":{"line":40,"column":24}},"22":{"start":{"line":41,"column":15},"end":{"line":41,"column":22}},"23":{"start":{"line":42,"column":16},"end":{"line":42,"column":21}},"24":{"start":{"line":43,"column":21},"end":{"line":43,"column":25}},"25":{"start":{"line":44,"column":21},"end":{"line":44,"column":25}},"26":{"start":{"line":48,"column":0},"end":{"line":62,"column":3}},"27":{"start":{"line":49,"column":2},"end":{"line":52,"column":3}},"28":{"start":{"line":50,"column":4},"end":{"line":50,"column":40}},"29":{"start":{"line":51,"column":4},"end":{"line":51,"column":11}},"30":{"start":{"line":53,"column":2},"end":{"line":53,"column":29}},"31":{"start":{"line":56,"column":26},"end":{"line":56,"column":105}},"32":{"start":{"line":57,"column":18},"end":{"line":57,"column":69}},"33":{"start":{"line":58,"column":2},"end":{"line":61,"column":3}},"34":{"start":{"line":59,"column":4},"end":{"line":59,"column":37}},"35":{"start":{"line":60,"column":4},"end":{"line":60,"column":112}},"36":{"start":{"line":66,"column":0},"end":{"line":73,"column":3}},"37":{"start":{"line":67,"column":2},"end":{"line":72,"column":5}},"38":{"start":{"line":68,"column":4},"end":{"line":68,"column":61}},"39":{"start":{"line":68,"column":31},"end":{"line":68,"column":59}},"40":{"start":{"line":69,"column":4},"end":{"line":69,"column":65}},"41":{"start":{"line":69,"column":35},"end":{"line":69,"column":63}},"42":{"start":{"line":70,"column":4},"end":{"line":70,"column":32}},"43":{"start":{"line":71,"column":4},"end":{"line":71,"column":73}},"44":{"start":{"line":78,"column":2},"end":{"line":78,"column":80}},"45":{"start":{"line":79,"column":2},"end":{"line":79,"column":68}},"46":{"start":{"line":83,"column":2},"end":{"line":83,"column":24}},"47":{"start":{"line":83,"column":17},"end":{"line":83,"column":24}},"48":{"start":{"line":84,"column":2},"end":{"line":87,"column":3}},"49":{"start":{"line":85,"column":4},"end":{"line":85,"column":79}},"50":{"start":{"line":86,"column":4},"end":{"line":86,"column":11}},"51":{"start":{"line":88,"column":2},"end":{"line":88,"column":19}},"52":{"start":{"line":89,"column":2},"end":{"line":89,"column":32}},"53":{"start":{"line":90,"column":2},"end":{"line":90,"column":33}},"54":{"start":{"line":91,"column":2},"end":{"line":91,"column":31}},"55":{"start":{"line":93,"column":2},"end":{"line":100,"column":11}},"56":{"start":{"line":94,"column":4},"end":{"line":99,"column":5}},"57":{"start":{"line":95,"column":6},"end":{"line":95,"column":17}},"58":{"start":{"line":96,"column":6},"end":{"line":96,"column":27}},"59":{"start":{"line":98,"column":6},"end":{"line":98,"column":25}},"60":{"start":{"line":104,"column":2},"end":{"line":104,"column":25}},"61":{"start":{"line":104,"column":18},"end":{"line":104,"column":25}},"62":{"start":{"line":105,"column":2},"end":{"line":105,"column":31}},"63":{"start":{"line":106,"column":2},"end":{"line":106,"column":20}},"64":{"start":{"line":107,"column":2},"end":{"line":107,"column":33}},"65":{"start":{"line":108,"column":2},"end":{"line":108,"column":32}},"66":{"start":{"line":109,"column":2},"end":{"line":109,"column":90}},"67":{"start":{"line":113,"column":2},"end":{"line":113,"column":31}},"68":{"start":{"line":114,"column":2},"end":{"line":114,"column":20}},"69":{"start":{"line":115,"column":2},"end":{"line":115,"column":21}},"70":{"start":{"line":116,"column":2},"end":{"line":116,"column":23}},"71":{"start":{"line":117,"column":2},"end":{"line":117,"column":33}},"72":{"start":{"line":118,"column":2},"end":{"line":118,"column":32}},"73":{"start":{"line":119,"column":2},"end":{"line":119,"column":32}},"74":{"start":{"line":120,"column":2},"end":{"line":120,"column":26}},"75":{"start":{"line":121,"column":2},"end":{"line":121,"column":35}},"76":{"start":{"line":125,"column":2},"end":{"line":125,"column":31}},"77":{"start":{"line":126,"column":2},"end":{"line":126,"column":20}},"78":{"start":{"line":127,"column":18},"end":{"line":127,"column":43}},"79":{"start":{"line":130,"column":2},"end":{"line":130,"column":40}},"80":{"start":{"line":132,"column":2},"end":{"line":132,"column":105}},"81":{"start":{"line":133,"column":2},"end":{"line":133,"column":33}},"82":{"start":{"line":134,"column":2},"end":{"line":134,"column":32}},"83":{"start":{"line":135,"column":2},"end":{"line":135,"column":32}},"84":{"start":{"line":137,"column":2},"end":{"line":137,"column":39}},"85":{"start":{"line":137,"column":19},"end":{"line":137,"column":31}},"86":{"start":{"line":141,"column":2},"end":{"line":141,"column":27}},"87":{"start":{"line":141,"column":20},"end":{"line":141,"column":27}},"88":{"start":{"line":142,"column":2},"end":{"line":150,"column":3}},"89":{"start":{"line":143,"column":4},"end":{"line":147,"column":7}},"90":{"start":{"line":149,"column":4},"end":{"line":149,"column":61}},"91":{"start":{"line":154,"column":2},"end":{"line":154,"column":40}},"92":{"start":{"line":155,"column":2},"end":{"line":155,"column":64}},"93":{"start":{"line":158,"column":0},"end":{"line":158,"column":52}},"94":{"start":{"line":159,"column":0},"end":{"line":159,"column":52}},"95":{"start":{"line":160,"column":0},"end":{"line":160,"column":52}},"96":{"start":{"line":164,"column":0},"end":{"line":171,"column":3}},"97":{"start":{"line":165,"column":2},"end":{"line":170,"column":5}},"98":{"start":{"line":166,"column":4},"end":{"line":166,"column":62}},"99":{"start":{"line":166,"column":30},"end":{"line":166,"column":60}},"100":{"start":{"line":167,"column":4},"end":{"line":167,"column":34}},"101":{"start":{"line":168,"column":4},"end":{"line":168,"column":40}},"102":{"start":{"line":169,"column":4},"end":{"line":169,"column":45}},"103":{"start":{"line":173,"column":0},"end":{"line":180,"column":3}},"104":{"start":{"line":174,"column":2},"end":{"line":179,"column":5}},"105":{"start":{"line":175,"column":4},"end":{"line":175,"column":62}},"106":{"start":{"line":175,"column":30},"end":{"line":175,"column":60}},"107":{"start":{"line":176,"column":4},"end":{"line":176,"column":34}},"108":{"start":{"line":177,"column":4},"end":{"line":177,"column":40}},"109":{"start":{"line":178,"column":4},"end":{"line":178,"column":45}},"110":{"start":{"line":182,"column":0},"end":{"line":218,"column":3}},"111":{"start":{"line":183,"column":2},"end":{"line":186,"column":3}},"112":{"start":{"line":184,"column":4},"end":{"line":184,"column":84}},"113":{"start":{"line":185,"column":4},"end":{"line":185,"column":11}},"114":{"start":{"line":187,"column":2},"end":{"line":190,"column":3}},"115":{"start":{"line":188,"column":4},"end":{"line":188,"column":62}},"116":{"start":{"line":189,"column":4},"end":{"line":189,"column":11}},"117":{"start":{"line":192,"column":2},"end":{"line":217,"column":3}},"118":{"start":{"line":194,"column":4},"end":{"line":199,"column":7}},"119":{"start":{"line":201,"column":4},"end":{"line":201,"column":67}},"120":{"start":{"line":203,"column":4},"end":{"line":212,"column":13}},"121":{"start":{"line":204,"column":6},"end":{"line":204,"column":28}},"122":{"start":{"line":205,"column":6},"end":{"line":205,"column":28}},"123":{"start":{"line":206,"column":6},"end":{"line":206,"column":64}},"124":{"start":{"line":206,"column":32},"end":{"line":206,"column":62}},"125":{"start":{"line":207,"column":6},"end":{"line":207,"column":64}},"126":{"start":{"line":207,"column":32},"end":{"line":207,"column":62}},"127":{"start":{"line":208,"column":6},"end":{"line":208,"column":36}},"128":{"start":{"line":209,"column":6},"end":{"line":209,"column":36}},"129":{"start":{"line":210,"column":6},"end":{"line":210,"column":31}},"130":{"start":{"line":211,"column":6},"end":{"line":211,"column":39}},"131":{"start":{"line":215,"column":4},"end":{"line":215,"column":55}},"132":{"start":{"line":216,"column":4},"end":{"line":216,"column":81}},"133":{"start":{"line":221,"column":2},"end":{"line":221,"column":40}},"134":{"start":{"line":222,"column":2},"end":{"line":222,"column":64}},"135":{"start":{"line":227,"column":0},"end":{"line":230,"column":3}},"136":{"start":{"line":228,"column":2},"end":{"line":228,"column":22}},"137":{"start":{"line":229,"column":2},"end":{"line":229,"column":38}},"138":{"start":{"line":232,"column":0},"end":{"line":234,"column":3}},"139":{"start":{"line":233,"column":2},"end":{"line":233,"column":38}},"140":{"start":{"line":238,"column":0},"end":{"line":240,"column":3}},"141":{"start":{"line":239,"column":2},"end":{"line":239,"column":23}}},"fnMap":{"0":{"name":"(anonymous_0)","decl":{"start":{"line":48,"column":25},"end":{"line":48,"column":26}},"loc":{"start":{"line":48,"column":49},"end":{"line":62,"column":1}},"line":48},"1":{"name":"(anonymous_1)","decl":{"start":{"line":66,"column":20},"end":{"line":66,"column":21}},"loc":{"start":{"line":66,"column":29},"end":{"line":73,"column":1}},"line":66},"2":{"name":"(anonymous_2)","decl":{"start":{"line":67,"column":32},"end":{"line":67,"column":33}},"loc":{"start":{"line":67,"column":38},"end":{"line":72,"column":3}},"line":67},"3":{"name":"(anonymous_3)","decl":{"start":{"line":68,"column":24},"end":{"line":68,"column":25}},"loc":{"start":{"line":68,"column":31},"end":{"line":68,"column":59}},"line":68},"4":{"name":"(anonymous_4)","decl":{"start":{"line":69,"column":28},"end":{"line":69,"column":29}},"loc":{"start":{"line":69,"column":35},"end":{"line":69,"column":63}},"line":69},"5":{"name":"updateTimerDisplay","decl":{"start":{"line":77,"column":9},"end":{"line":77,"column":27}},"loc":{"start":{"line":77,"column":30},"end":{"line":80,"column":1}},"line":77},"6":{"name":"startTimer","decl":{"start":{"line":82,"column":9},"end":{"line":82,"column":19}},"loc":{"start":{"line":82,"column":22},"end":{"line":101,"column":1}},"line":82},"7":{"name":"(anonymous_7)","decl":{"start":{"line":93,"column":30},"end":{"line":93,"column":31}},"loc":{"start":{"line":93,"column":36},"end":{"line":100,"column":3}},"line":93},"8":{"name":"pauseTimer","decl":{"start":{"line":103,"column":9},"end":{"line":103,"column":19}},"loc":{"start":{"line":103,"column":22},"end":{"line":110,"column":1}},"line":103},"9":{"name":"resetTimer","decl":{"start":{"line":112,"column":9},"end":{"line":112,"column":19}},"loc":{"start":{"line":112,"column":22},"end":{"line":122,"column":1}},"line":112},"10":{"name":"completePomodoro","decl":{"start":{"line":124,"column":15},"end":{"line":124,"column":31}},"loc":{"start":{"line":124,"column":34},"end":{"line":138,"column":1}},"line":124},"11":{"name":"(anonymous_11)","decl":{"start":{"line":137,"column":13},"end":{"line":137,"column":14}},"loc":{"start":{"line":137,"column":19},"end":{"line":137,"column":31}},"line":137},"12":{"name":"saveSessionToFirestore","decl":{"start":{"line":140,"column":15},"end":{"line":140,"column":37}},"loc":{"start":{"line":140,"column":47},"end":{"line":151,"column":1}},"line":140},"13":{"name":"showPomodoroMessage","decl":{"start":{"line":153,"column":9},"end":{"line":153,"column":28}},"loc":{"start":{"line":153,"column":54},"end":{"line":156,"column":1}},"line":153},"14":{"name":"(anonymous_14)","decl":{"start":{"line":164,"column":19},"end":{"line":164,"column":20}},"loc":{"start":{"line":164,"column":28},"end":{"line":171,"column":1}},"line":164},"15":{"name":"(anonymous_15)","decl":{"start":{"line":165,"column":32},"end":{"line":165,"column":33}},"loc":{"start":{"line":165,"column":38},"end":{"line":170,"column":3}},"line":165},"16":{"name":"(anonymous_16)","decl":{"start":{"line":166,"column":23},"end":{"line":166,"column":24}},"loc":{"start":{"line":166,"column":30},"end":{"line":166,"column":60}},"line":166},"17":{"name":"(anonymous_17)","decl":{"start":{"line":173,"column":19},"end":{"line":173,"column":20}},"loc":{"start":{"line":173,"column":28},"end":{"line":180,"column":1}},"line":173},"18":{"name":"(anonymous_18)","decl":{"start":{"line":174,"column":32},"end":{"line":174,"column":33}},"loc":{"start":{"line":174,"column":38},"end":{"line":179,"column":3}},"line":174},"19":{"name":"(anonymous_19)","decl":{"start":{"line":175,"column":23},"end":{"line":175,"column":24}},"loc":{"start":{"line":175,"column":30},"end":{"line":175,"column":60}},"line":175},"20":{"name":"(anonymous_20)","decl":{"start":{"line":182,"column":42},"end":{"line":182,"column":43}},"loc":{"start":{"line":182,"column":54},"end":{"line":218,"column":1}},"line":182},"21":{"name":"(anonymous_21)","decl":{"start":{"line":203,"column":15},"end":{"line":203,"column":16}},"loc":{"start":{"line":203,"column":21},"end":{"line":212,"column":5}},"line":203},"22":{"name":"(anonymous_22)","decl":{"start":{"line":206,"column":25},"end":{"line":206,"column":26}},"loc":{"start":{"line":206,"column":32},"end":{"line":206,"column":62}},"line":206},"23":{"name":"(anonymous_23)","decl":{"start":{"line":207,"column":25},"end":{"line":207,"column":26}},"loc":{"start":{"line":207,"column":32},"end":{"line":207,"column":62}},"line":207},"24":{"name":"showWellnessMessage","decl":{"start":{"line":220,"column":9},"end":{"line":220,"column":28}},"loc":{"start":{"line":220,"column":54},"end":{"line":223,"column":1}},"line":220},"25":{"name":"(anonymous_25)","decl":{"start":{"line":227,"column":40},"end":{"line":227,"column":41}},"loc":{"start":{"line":227,"column":52},"end":{"line":230,"column":1}},"line":227},"26":{"name":"(anonymous_26)","decl":{"start":{"line":232,"column":42},"end":{"line":232,"column":43}},"loc":{"start":{"line":232,"column":48},"end":{"line":234,"column":1}},"line":232},"27":{"name":"(anonymous_27)","decl":{"start":{"line":238,"column":44},"end":{"line":238,"column":45}},"loc":{"start":{"line":238,"column":50},"end":{"line":240,"column":1}},"line":238}},"branchMap":{"0":{"loc":{"start":{"line":49,"column":2},"end":{"line":52,"column":3}},"type":"if","locations":[{"start":{"line":49,"column":2},"end":{"line":52,"column":3}},{"start":{},"end":{}}],"line":49},"1":{"loc":{"start":{"line":58,"column":2},"end":{"line":61,"column":3}},"type":"if","locations":[{"start":{"line":58,"column":2},"end":{"line":61,"column":3}},{"start":{},"end":{}}],"line":58},"2":{"loc":{"start":{"line":83,"column":2},"end":{"line":83,"column":24}},"type":"if","locations":[{"start":{"line":83,"column":2},"end":{"line":83,"column":24}},{"start":{},"end":{}}],"line":83},"3":{"loc":{"start":{"line":84,"column":2},"end":{"line":87,"column":3}},"type":"if","locations":[{"start":{"line":84,"column":2},"end":{"line":87,"column":3}},{"start":{},"end":{}}],"line":84},"4":{"loc":{"start":{"line":94,"column":4},"end":{"line":99,"column":5}},"type":"if","locations":[{"start":{"line":94,"column":4},"end":{"line":99,"column":5}},{"start":{"line":97,"column":11},"end":{"line":99,"column":5}}],"line":94},"5":{"loc":{"start":{"line":104,"column":2},"end":{"line":104,"column":25}},"type":"if","locations":[{"start":{"line":104,"column":2},"end":{"line":104,"column":25}},{"start":{},"end":{}}],"line":104},"6":{"loc":{"start":{"line":141,"column":2},"end":{"line":141,"column":27}},"type":"if","locations":[{"start":{"line":141,"column":2},"end":{"line":141,"column":27}},{"start":{},"end":{}}],"line":141},"7":{"loc":{"start":{"line":153,"column":38},"end":{"line":153,"column":52}},"type":"default-arg","locations":[{"start":{"line":153,"column":48},"end":{"line":153,"column":52}}],"line":153},"8":{"loc":{"start":{"line":155,"column":32},"end":{"line":155,"column":63}},"type":"cond-expr","locations":[{"start":{"line":155,"column":42},"end":{"line":155,"column":51}},{"start":{"line":155,"column":54},"end":{"line":155,"column":63}}],"line":155},"9":{"loc":{"start":{"line":183,"column":2},"end":{"line":186,"column":3}},"type":"if","locations":[{"start":{"line":183,"column":2},"end":{"line":186,"column":3}},{"start":{},"end":{}}],"line":183},"10":{"loc":{"start":{"line":183,"column":6},"end":{"line":183,"column":40}},"type":"binary-expr","locations":[{"start":{"line":183,"column":6},"end":{"line":183,"column":21}},{"start":{"line":183,"column":25},"end":{"line":183,"column":40}}],"line":183},"11":{"loc":{"start":{"line":187,"column":2},"end":{"line":190,"column":3}},"type":"if","locations":[{"start":{"line":187,"column":2},"end":{"line":190,"column":3}},{"start":{},"end":{}}],"line":187},"12":{"loc":{"start":{"line":220,"column":38},"end":{"line":220,"column":52}},"type":"default-arg","locations":[{"start":{"line":220,"column":48},"end":{"line":220,"column":52}}],"line":220},"13":{"loc":{"start":{"line":222,"column":32},"end":{"line":222,"column":63}},"type":"cond-expr","locations":[{"start":{"line":222,"column":42},"end":{"line":222,"column":51}},{"start":{"line":222,"column":54},"end":{"line":222,"column":63}}],"line":222}},"s":{"0":0,"1":0,"2":0,"3":0,"4":0,"5":0,"6":0,"7":0,"8":0,"9":0,"10":0,"11":0,"12":0,"13":0,"14":0,"15":0,"16":0,"17":0,"18":0,"19":0,"20":0,"21":0,"22":0,"23":0,"24":0,"25":0,"26":0,"27":0,"28":0,"29":0,"30":0,"31":0,"32":0,"33":0,"34":0,"35":0,"36":0,"37":0,"38":0,"39":0,"40":0,"41":0,"42":0,"43":0,"44":0,"45":0,"46":0,"47":0,"48":0,"49":0,"50":0,"51":0,"52":0,"53":0,"54":0,"55":0,"56":0,"57":0,"58":0,"59":0,"60":0,"61":0,"62":0,"63":0,"64":0,"65":0,"66":0,"67":0,"68":0,"69":0,"70":0,"71":0,"72":0,"73":0,"74":0,"75":0,"76":0,"77":0,"78":0,"79":0,"80":0,"81":0,"82":0,"83":0,"84":0,"85":0,"86":0,"87":0,"88":0,"89":0,"90":0,"91":0,"92":0,"93":0,"94":0,"95":0,"96":0,"97":0,"98":0,"99":0,"100":0,"101":0,"102":0,"103":0,"104":0,"105":0,"106":0,"107":0,"108":0,"109":0,"110":0,"111":0,"112":0,"113":0,"114":0,"115":0,"116":0,"117":0,"118":0,"119":0,"120":0,"121":0,"122":0,"123":0,"124":0,"125":0,"126":0,"127":0,"128":0,"129":0,"130":0,"131":0,"132":0,"133":0,"134":0,"135":0,"136":0,"137":0,"138":0,"139":0,"140":0,"141":0},"f":{"0":0,"1":0,"2":0,"3":0,"4":0,"5":0,"6":0,"7":0,"8":0,"9":0,"10":0,"11":0,"12":0,"13":0,"14":0,"15":0,"16":0,"17":0,"18":0,"19":0,"20":0,"21":0,"22":0,"23":0,"24":0,"25":0,"26":0,"27":0},"b":{"0":[0,0],"1":[0,0],"2":[0,0],"3":[0,0],"4":[0,0],"5":[0,0],"6":[0,0],"7":[0],"8":[0,0],"9":[0,0],"10":[0,0],"11":[0,0],"12":[0],"13":[0,0]},"inputSourceMap":null}
}
